0 info it worked if it ends with ok
1 verbose cli [ '/usr/local/bin/node', '/usr/local/bin/npm', 'publish' ]
2 info using npm@1.2.2
3 info using node@v0.8.18
4 verbose publish [ '.' ]
5 verbose read json /Users/mingli/GitHub/camel/package.json
6 verbose cache add [ '.', null ]
7 verbose cache add name=undefined spec="." args=[".",null]
8 verbose parsed url { pathname: '.', path: '.', href: '.' }
9 silly lockFile 3a52ce78- .
10 verbose lock . /Users/mingli/.npm/3a52ce78-.lock
11 verbose read json package.json
12 verbose tar pack [ '/var/folders/hc/zfdtw79j4px00nrzq_slym4w0000gn/T/npm-2636/1359555161130-0.11107690422795713/tmp.tgz',
12 verbose tar pack   '.' ]
13 verbose tarball /var/folders/hc/zfdtw79j4px00nrzq_slym4w0000gn/T/npm-2636/1359555161130-0.11107690422795713/tmp.tgz
14 verbose folder .
15 info prepublish camel@0.0.9
16 silly lockFile 15c44d91-1130-0-11107690422795713-tmp-tgz /var/folders/hc/zfdtw79j4px00nrzq_slym4w0000gn/T/npm-2636/1359555161130-0.11107690422795713/tmp.tgz
17 verbose lock /var/folders/hc/zfdtw79j4px00nrzq_slym4w0000gn/T/npm-2636/1359555161130-0.11107690422795713/tmp.tgz /Users/mingli/.npm/15c44d91-1130-0-11107690422795713-tmp-tgz.lock
18 silly lockFile 15c44d91-1130-0-11107690422795713-tmp-tgz /var/folders/hc/zfdtw79j4px00nrzq_slym4w0000gn/T/npm-2636/1359555161130-0.11107690422795713/tmp.tgz
19 verbose tar unpack /var/folders/hc/zfdtw79j4px00nrzq_slym4w0000gn/T/npm-2636/1359555161130-0.11107690422795713/tmp.tgz
20 silly lockFile 2724eb5b-1130-0-11107690422795713-package /var/folders/hc/zfdtw79j4px00nrzq_slym4w0000gn/T/npm-2636/1359555161130-0.11107690422795713/package
21 verbose lock /var/folders/hc/zfdtw79j4px00nrzq_slym4w0000gn/T/npm-2636/1359555161130-0.11107690422795713/package /Users/mingli/.npm/2724eb5b-1130-0-11107690422795713-package.lock
22 silly gunzTarPerm modes [ '755', '644' ]
23 silly gunzTarPerm extractEntry package.json
24 silly gunzTarPerm extractEntry .npmignore
25 silly gunzTarPerm extractEntry README.md
26 silly gunzTarPerm extractEntry LICENSE
27 silly gunzTarPerm extractEntry .travis.yml
28 silly gunzTarPerm extractEntry bin/camel
29 silly gunzTarPerm extractEntry lib/camel-proxy.js
30 silly gunzTarPerm extractEntry lib/camel.js
31 silly gunzTarPerm extractEntry lib/cs.js
32 silly gunzTarPerm extractEntry lib/webworker-child.js
33 silly gunzTarPerm extractEntry lib/webworker.js
34 silly gunzTarPerm extractEntry scripts/runner.js
35 silly gunzTarPerm extractEntry tests/tests.js
36 silly gunzTarPerm extractEntry tests/test-main-standard.coffee
37 silly gunzTarPerm extractEntry tests/test-hello.coffee
38 silly gunzTarPerm extractEntry tests/test-main-args.coffee
39 silly gunzTarPerm extractEntry tests/test-main-simple.coffee
40 silly gunzTarPerm extractEntry tests/obj.coffee
41 silly gunzTarPerm extractEntry tests/test-sanity.coffee
42 silly gunzTarPerm extractEntry tests/test-worker-error.coffee
43 silly gunzTarPerm extractEntry tests/test-worker-simple.coffee
44 silly gunzTarPerm extractEntry tests/module.coffee
45 silly gunzTarPerm extractEntry tests/workers/error.coffee
46 silly gunzTarPerm extractEntry tests/workers/simple.coffee
47 verbose read json /var/folders/hc/zfdtw79j4px00nrzq_slym4w0000gn/T/npm-2636/1359555161130-0.11107690422795713/package/package.json
48 silly lockFile 2724eb5b-1130-0-11107690422795713-package /var/folders/hc/zfdtw79j4px00nrzq_slym4w0000gn/T/npm-2636/1359555161130-0.11107690422795713/package
49 verbose from cache /var/folders/hc/zfdtw79j4px00nrzq_slym4w0000gn/T/npm-2636/1359555161130-0.11107690422795713/package/package.json
50 verbose tar pack [ '/Users/mingli/.npm/camel/0.0.9/package.tgz',
50 verbose tar pack   '/var/folders/hc/zfdtw79j4px00nrzq_slym4w0000gn/T/npm-2636/1359555161130-0.11107690422795713/package' ]
51 verbose tarball /Users/mingli/.npm/camel/0.0.9/package.tgz
52 verbose folder /var/folders/hc/zfdtw79j4px00nrzq_slym4w0000gn/T/npm-2636/1359555161130-0.11107690422795713/package
53 silly lockFile 2b0d907f-ngli-npm-camel-0-0-9-package-tgz /Users/mingli/.npm/camel/0.0.9/package.tgz
54 verbose lock /Users/mingli/.npm/camel/0.0.9/package.tgz /Users/mingli/.npm/2b0d907f-ngli-npm-camel-0-0-9-package-tgz.lock
55 silly lockFile 2b0d907f-ngli-npm-camel-0-0-9-package-tgz /Users/mingli/.npm/camel/0.0.9/package.tgz
56 silly lockFile f9e157e4-s-mingli-npm-camel-0-0-9-package /Users/mingli/.npm/camel/0.0.9/package
57 verbose lock /Users/mingli/.npm/camel/0.0.9/package /Users/mingli/.npm/f9e157e4-s-mingli-npm-camel-0-0-9-package.lock
58 silly lockFile f9e157e4-s-mingli-npm-camel-0-0-9-package /Users/mingli/.npm/camel/0.0.9/package
59 verbose tar unpack /Users/mingli/.npm/camel/0.0.9/package.tgz
60 silly lockFile f9e157e4-s-mingli-npm-camel-0-0-9-package /Users/mingli/.npm/camel/0.0.9/package
61 verbose lock /Users/mingli/.npm/camel/0.0.9/package /Users/mingli/.npm/f9e157e4-s-mingli-npm-camel-0-0-9-package.lock
62 silly gunzTarPerm modes [ '755', '644' ]
63 silly gunzTarPerm extractEntry package.json
64 silly gunzTarPerm extractEntry .npmignore
65 silly gunzTarPerm extractEntry README.md
66 silly gunzTarPerm extractEntry LICENSE
67 silly gunzTarPerm extractEntry .travis.yml
68 silly gunzTarPerm extractEntry bin/camel
69 silly gunzTarPerm extractEntry lib/camel-proxy.js
70 silly gunzTarPerm extractEntry lib/camel.js
71 silly gunzTarPerm extractEntry lib/cs.js
72 silly gunzTarPerm extractEntry lib/webworker-child.js
73 silly gunzTarPerm extractEntry lib/webworker.js
74 silly gunzTarPerm extractEntry scripts/runner.js
75 silly gunzTarPerm extractEntry tests/tests.js
76 silly gunzTarPerm extractEntry tests/test-main-standard.coffee
77 silly gunzTarPerm extractEntry tests/test-hello.coffee
78 silly gunzTarPerm extractEntry tests/test-main-args.coffee
79 silly gunzTarPerm extractEntry tests/test-main-simple.coffee
80 silly gunzTarPerm extractEntry tests/obj.coffee
81 silly gunzTarPerm extractEntry tests/test-sanity.coffee
82 silly gunzTarPerm extractEntry tests/test-worker-error.coffee
83 silly gunzTarPerm extractEntry tests/test-worker-simple.coffee
84 silly gunzTarPerm extractEntry tests/module.coffee
85 silly gunzTarPerm extractEntry tests/workers/error.coffee
86 silly gunzTarPerm extractEntry tests/workers/simple.coffee
87 verbose read json /Users/mingli/.npm/camel/0.0.9/package/package.json
88 silly lockFile f9e157e4-s-mingli-npm-camel-0-0-9-package /Users/mingli/.npm/camel/0.0.9/package
89 silly shasum updated bytes 9760
90 info shasum 3d0c6121aa7eb0ab727d9837beb5e1e00313a1f4
90 info shasum /Users/mingli/.npm/camel/0.0.9/package.tgz
91 verbose from cache /Users/mingli/.npm/camel/0.0.9/package/package.json
92 verbose chmod /Users/mingli/.npm/camel/0.0.9/package.tgz 644
93 verbose chown /Users/mingli/.npm/camel/0.0.9/package.tgz [ 501, 20 ]
94 silly lockFile 3a52ce78- .
95 silly publish { author:
95 silly publish    { name: 'Mingli Yuan',
95 silly publish      email: 'mingli.yuan+camel@gmail.com',
95 silly publish      url: 'http://onecorner.org/' },
95 silly publish   name: 'camel',
95 silly publish   description: 'A Node.js wrapper for using coffeescript with requirejs AMD-style loader',
95 silly publish   version: '0.0.9',
95 silly publish   homepage: 'https://github.com/mountain/camel',
95 silly publish   repository: { type: 'git', url: 'git://github.com/mountain/camel.git' },
95 silly publish   engines: { node: '~0.8.0' },
95 silly publish   directories: { bin: './bin', lib: './lib', scripts: './scripts' },
95 silly publish   dependencies:
95 silly publish    { requirejs: '2.1.4',
95 silly publish      'coffee-script': '1.4.0',
95 silly publish      websocket: '1.0.8' },
95 silly publish   devDependencies: { underscore: '1.4.3' },
95 silly publish   bin: { camel: './bin/camel' },
95 silly publish   scripts: { test: 'node tests/tests.js' },
95 silly publish   licenses:
95 silly publish    [ { type: 'MIT+BSD Dual License',
95 silly publish        url: 'http://github.com/mountain/camel/blob/master/LICENSE' } ],
95 silly publish   readme: '[![build status](https://secure.travis-ci.org/mountain/camel.png)](http://travis-ci.org/mountain/camel)\nA Node.js wrapper for using coffeescript with requirejs AMD-style loader\n\n## How to start\n\nPlease follow below steps:\n\n * install [nodejs](http://nodejs.org), please install version >= 0.8.0\n * install [npm](http://npmjs.org)\n * cd YOURPROJECT\n * npm install -g camel\n * camel YOURPROGRAM.coffee\n * camel --build YOURPROGRAM.coffee (is not implemented yet)\n\n## Example\n\nYou can refernece an example at\n\n  * [Wahlque weather simulation](https://github.com/Wahlque/weather)\n\n',
95 silly publish   readmeFilename: 'README.md',
95 silly publish   _id: 'camel@0.0.9',
95 silly publish   dist: { shasum: '3d0c6121aa7eb0ab727d9837beb5e1e00313a1f4' },
95 silly publish   _from: '.' }
96 verbose url raw camel
97 verbose url resolving [ 'https://registry.npmjs.org/', './camel' ]
98 verbose url resolved https://registry.npmjs.org/camel
99 info trying registry request attempt 1 at 22:12:41
100 http PUT https://registry.npmjs.org/camel
101 http 409 https://registry.npmjs.org/camel
102 verbose url raw camel
103 verbose url resolving [ 'https://registry.npmjs.org/', './camel' ]
104 verbose url resolved https://registry.npmjs.org/camel
105 info trying registry request attempt 1 at 22:12:46
106 http GET https://registry.npmjs.org/camel
107 http 200 https://registry.npmjs.org/camel
108 error publish fail Cannot publish over existing version.
108 error publish fail Bump the 'version' field, set the --force flag, or
108 error publish fail     npm unpublish 'camel@0.0.9'
108 error publish fail and try again
109 error System Darwin 11.4.2
110 error command "/usr/local/bin/node" "/usr/local/bin/npm" "publish"
111 error cwd /Users/mingli/GitHub/camel
112 error node -v v0.8.18
113 error npm -v 1.2.2
114 error code EPUBLISHCONFLICT
115 verbose exit [ 1, true ]
